<?xml version='1.0' encoding='UTF-8'?>
<testsuite hostname="AYMACM5X7QM7XCC.local" name="computerdatabase.BasicSimulation" tests="1" errors="0" failures="0" skipped="0" time="30295.305" timestamp="2024-11-11T14:28:44">
          <properties>
[...]
</properties>
          <testcase classname="computerdatabase.BasicSimulation" name="" time="30295.305">
                      
                    </testcase>
          <system-out><![CDATA[]]></system-out>
          <system-err><![CDATA[]]></system-err>
        </testsuite>